<?xml version="1.0" encoding="UTF-8"?>
<testsuite name="Test" tests="1" skipped="1" failures="0" errors="0" timestamp="2024-10-10T21:07:03" hostname="odin-B660-DS3H-AX-DDR4" time="0.364">
  <properties/>
  <testcase name="start" classname="Test" time="0.364">
    <skipped/>
  </testcase>
  <system-out><![CDATA[?[1;31m
Start test 1?[0m
> /help
Calculate sum of numbers. Type expression separating numbers and symbols by at least one space
> 
> n = 32
> 33 + 20 + 11 + 49 - 32 - 9 + 1 - 80 + 4
-3
> 33 + 20 + 11 + 49 - n - 9 + 1 - 80 + 4
-3
> c = n 
> c = 2
>   c  
2
> 11 - 13 + c
0
> 5 --- 2 ++++++ 4 -- 2 ---- 1
10
> /start
Unknown command
> var1 = 1
Invalid identifier
> var = 2a
Invalid identifier
Invalid assignment
> c = 7 - 1 = 5
Invalid Expression
> variable = f
Unknown variable
> variable = 777
> Variable
Unknown variable
> variable = 777
> Variable
Unknown variable
> /exit
Bye!
]]></system-out>
  <system-err><![CDATA[]]></system-err>
</testsuite>
